Using pre-set license
Built from '2020.3/staging' branch; Version is '2020.3.26f1 (7298b473bc1a) revision 7510196'; Using compiler version '192528614'; Build Type 'Release'
OS: 'Windows 10  (10.0.18363) 64bit CoreSingleLanguage' Language: 'en' Physical Memory: 6079 MB
BatchMode: 1, IsHumanControllingUs: 0, StartBugReporterOnCrash: 0, Is64bit: 1, IsPro: 0

COMMAND LINE ARGUMENTS:
C:\Program Files\Unity\Hub\Editor\2020.3.26f1\Editor\Unity.exe
-adb2
-batchMode
-noUpm
-name
AssetImportWorker1
-projectPath
C:/Users/hzM/Desktop/M Folder/Unity Practice/Project Oruzhiye
-logFile
Logs/AssetImportWorker1.log
-srvPort
1043
Successfully changed project path to: C:/Users/hzM/Desktop/M Folder/Unity Practice/Project Oruzhiye
C:/Users/hzM/Desktop/M Folder/Unity Practice/Project Oruzhiye
Using Asset Import Pipeline V2.
